{"content": {"suites": {"0": {"status": {"total_pass": 25, "total_skip": 0, "total_xpass": 0, "total_xfail": 0, "total_rerun": 0, "total_fail": 11, "total_error": 0}, "tests": {"0": {"status": "PASS", "message": "", "test_name": "test_id_001", "rerun": "0"}, "1": {"status": "PASS", "message": "", "test_name": "test_id_002", "rerun": "0"}, "2": {"status": "PASS", "message": "", "test_name": "test_id_003", "rerun": "0"}, "3": {"status": "PASS", "message": "", "test_name": "test_id_004", "rerun": "0"}, "4": {"status": "PASS", "message": "", "test_name": "test_id_005", "rerun": "0"}, "5": {"status": "PASS", "message": "", "test_name": "test_id_006", "rerun": "0"}, "6": {"status": "PASS", "message": "", "test_name": "test_id_007", "rerun": "0"}, "7": {"status": "PASS", "message": "", "test_name": "test_id_008", "rerun": "0"}, "8": {"status": "PASS", "message": "", "test_name": "test_id_009", "rerun": "0"}, "9": {"status": "PASS", "message": "", "test_name": "test_id_010", "rerun": "0"}, "10": {"status": "PASS", "message": "", "test_name": "test_id_011", "rerun": "0"}, "11": {"status": "PASS", "message": "", "test_name": "test_id_012", "rerun": "0"}, "12": {"status": "PASS", "message": "", "test_name": "test_id_013", "rerun": "0"}, "13": {"status": "PASS", "message": "", "test_name": "test_id_014", "rerun": "0"}, "14": {"status": "FAIL", "message": "       assert False\n", "test_name": "test_id_015", "rerun": "0"}, "15": {"status": "FAIL", "message": "   selenium.common.exceptions.NoSuchElementException: Message: no such element: Unable to locate element: {\"method\":\"xpath\",\"selector\":\"(//button[@type='button'])[1]\"}\n     (Session info: chrome=115.0.5790.110); For documentation on this error, please visit: https://www.selenium.dev/documentation/webdriver/troubleshooting/errors#no-such-element-exception\n   Stacktrace:\n   Backtrace:\n   \tGetHandleVerifier [0x006DA813+48355]\n   \t(No symbol) [0x0066C4B1]\n   \t(No symbol) [0x00575358]\n   \t(No symbol) [0x005A09A5]\n   \t(No symbol) [0x005A0B3B]\n   \t(No symbol) [0x005CE232]\n   \t(No symbol) [0x005BA784]\n   \t(No symbol) [0x005CC922]\n   \t(No symbol) [0x005BA536]\n   \t(No symbol) [0x005982DC]\n   \t(No symbol) [0x005993DD]\n   \tGetHandleVerifier [0x0093AABD+2539405]\n   \tGetHandleVerifier [0x0097A78F+2800735]\n   \tGetHandleVerifier [0x0097456C+2775612]\n   \tGetHandleVerifier [0x007651E0+616112]\n   \t(No symbol) [0x00675F8C]\n   \t(No symbol) [0x00672328]\n   \t(No symbol) [0x0067240B]\n   \t(No symbol) [0x00664FF7]\n   \tBaseThreadInitThunk [0x75D47D59+25]\n   \tRtlInitializeExceptionChain [0x77DDB79B+107]\n   \tRtlClearBits [0x77DDB71F+191]\n", "test_name": "test_id_016", "rerun": "0"}, "16": {"status": "PASS", "message": "", "test_name": "test_id_0017", "rerun": "0"}, "17": {"status": "FAIL", "message": "   selenium.common.exceptions.NoSuchElementException: Message: no such element: Unable to locate element: {\"method\":\"xpath\",\"selector\":\"(//button[@type='button'])[2]\"}\n     (Session info: chrome=115.0.5790.110); For documentation on this error, please visit: https://www.selenium.dev/documentation/webdriver/troubleshooting/errors#no-such-element-exception\n   Stacktrace:\n   Backtrace:\n   \tGetHandleVerifier [0x006DA813+48355]\n   \t(No symbol) [0x0066C4B1]\n   \t(No symbol) [0x00575358]\n   \t(No symbol) [0x005A09A5]\n   \t(No symbol) [0x005A0B3B]\n   \t(No symbol) [0x005CE232]\n   \t(No symbol) [0x005BA784]\n   \t(No symbol) [0x005CC922]\n   \t(No symbol) [0x005BA536]\n   \t(No symbol) [0x005982DC]\n   \t(No symbol) [0x005993DD]\n   \tGetHandleVerifier [0x0093AABD+2539405]\n   \tGetHandleVerifier [0x0097A78F+2800735]\n   \tGetHandleVerifier [0x0097456C+2775612]\n   \tGetHandleVerifier [0x007651E0+616112]\n   \t(No symbol) [0x00675F8C]\n   \t(No symbol) [0x00672328]\n   \t(No symbol) [0x0067240B]\n   \t(No symbol) [0x00664FF7]\n   \tBaseThreadInitThunk [0x75D47D59+25]\n   \tRtlInitializeExceptionChain [0x77DDB79B+107]\n   \tRtlClearBits [0x77DDB71F+191]\n", "test_name": "test_id_0018", "rerun": "0"}, "18": {"status": "FAIL", "message": "   selenium.common.exceptions.TimeoutException: Message:\n", "test_name": "test_id_019", "rerun": "0"}, "19": {"status": "PASS", "message": "", "test_name": "test_id_020", "rerun": "0"}, "20": {"status": "FAIL", "message": "   selenium.common.exceptions.TimeoutException: Message:\n", "test_name": "test_id_021", "rerun": "0"}, "21": {"status": "PASS", "message": "", "test_name": "test_id_022", "rerun": "0"}, "22": {"status": "PASS", "message": "", "test_name": "test_id_023", "rerun": "0"}, "23": {"status": "PASS", "message": "", "test_name": "test_id_024", "rerun": "0"}, "24": {"status": "PASS", "message": "", "test_name": "test_id_025", "rerun": "0"}, "25": {"status": "PASS", "message": "", "test_name": "test_id_026", "rerun": "0"}, "26": {"status": "FAIL", "message": "       assert False\n", "test_name": "test_id_027", "rerun": "0"}, "27": {"status": "PASS", "message": "", "test_name": "test_id_028", "rerun": "0"}, "28": {"status": "PASS", "message": "", "test_name": "test_id_029", "rerun": "0"}, "29": {"status": "FAIL", "message": "       assert False\n", "test_name": "test_id_030", "rerun": "0"}, "30": {"status": "PASS", "message": "", "test_name": "test_id_031", "rerun": "0"}, "31": {"status": "FAIL", "message": "   selenium.common.exceptions.StaleElementReferenceException: Message: stale element reference: stale element not found\n     (Session info: chrome=115.0.5790.110); For documentation on this error, please visit: https://www.selenium.dev/documentation/webdriver/troubleshooting/errors#stale-element-reference-exception\n   Stacktrace:\n   Backtrace:\n   \tGetHandleVerifier [0x006DA813+48355]\n   \t(No symbol) [0x0066C4B1]\n   \t(No symbol) [0x00575358]\n   \t(No symbol) [0x005787A1]\n   \t(No symbol) [0x005799E1]\n   \t(No symbol) [0x00579A80]\n   \t(No symbol) [0x0059D6E6]\n   \t(No symbol) [0x005BA73C]\n   \t(No symbol) [0x00599A36]\n   \t(No symbol) [0x005BAA94]\n   \t(No symbol) [0x005CC922]\n   \t(No symbol) [0x005BA536]\n   \t(No symbol) [0x005982DC]\n   \t(No symbol) [0x005993DD]\n   \tGetHandleVerifier [0x0093AABD+2539405]\n   \tGetHandleVerifier [0x0097A78F+2800735]\n   \tGetHandleVerifier [0x0097456C+2775612]\n   \tGetHandleVerifier [0x007651E0+616112]\n   \t(No symbol) [0x00675F8C]\n   \t(No symbol) [0x00672328]\n   \t(No symbol) [0x0067240B]\n   \t(No symbol) [0x00664FF7]\n   \tBaseThreadInitThunk [0x75D47D59+25]\n   \tRtlInitializeExceptionChain [0x77DDB79B+107]\n   \tRtlClearBits [0x77DDB71F+191]\n", "test_name": "test_id_032", "rerun": "0"}, "32": {"status": "PASS", "message": "", "test_name": "test_id_033", "rerun": "0"}, "33": {"status": "FAIL", "message": "   selenium.common.exceptions.ElementClickInterceptedException: Message: element click intercepted: Element <a class=\"nav-item nav-link\" ng-click=\"setActive('pipeline')\" ng-class=\"{active : activeMenu3 === 'pipeline'}\" id=\"nav-pipeline-tab\" aria-current=\"page\" data-toggle=\"tab\" data-target=\"#nav-pipeline\" role=\"tab\" aria-controls=\"nav-pipeline\" aria-selected=\"false\">...</a> is not clickable at point (305, 20). Other element would receive the click: <div class=\"topnav\">...</div>\n     (Session info: chrome=115.0.5790.110)\n   Stacktrace:\n   Backtrace:\n   \tGetHandleVerifier [0x006DA813+48355]\n   \t(No symbol) [0x0066C4B1]\n   \t(No symbol) [0x00575358]\n   \t(No symbol) [0x005A5062]\n   \t(No symbol) [0x005A3B98]\n   \t(No symbol) [0x005A239B]\n   \t(No symbol) [0x005A179E]\n   \t(No symbol) [0x00599F5C]\n   \t(No symbol) [0x005BA73C]\n   \t(No symbol) [0x00599A36]\n   \t(No symbol) [0x005BAA94]\n   \t(No symbol) [0x005CC922]\n   \t(No symbol) [0x005BA536]\n   \t(No symbol) [0x005982DC]\n   \t(No symbol) [0x005993DD]\n   \tGetHandleVerifier [0x0093AABD+2539405]\n   \tGetHandleVerifier [0x0097A78F+2800735]\n   \tGetHandleVerifier [0x0097456C+2775612]\n   \tGetHandleVerifier [0x007651E0+616112]\n   \t(No symbol) [0x00675F8C]\n   \t(No symbol) [0x00672328]\n   \t(No symbol) [0x0067240B]\n   \t(No symbol) [0x00664FF7]\n   \tBaseThreadInitThunk [0x75D47D59+25]\n   \tRtlInitializeExceptionChain [0x77DDB79B+107]\n   \tRtlClearBits [0x77DDB71F+191]\n", "test_name": "test_id_034", "rerun": "0"}, "34": {"status": "FAIL", "message": "       assert False\n", "test_name": "test_id_035", "rerun": "0"}, "35": {"status": "FAIL", "message": "           assert False\n", "test_name": "test_id_036", "rerun": "0"}}, "suite_name": "testCases/test_role.py"}}}, "date": "August 03, 2023", "start_time": 1691056315.0002084, "total_suite": 1, "status": "FAIL", "status_list": {"pass": "25", "fail": "11", "skip": "0", "error": "0", "xpass": "0", "xfail": "0", "rerun": "0"}, "total_tests": "36"}