{"content": {"suites": {"0": {"status": {"total_pass": 7, "total_skip": 0, "total_xpass": 0, "total_xfail": 0, "total_rerun": 0, "total_fail": 2, "total_error": 0}, "tests": {"0": {"status": "PASS", "message": "", "test_name": "test_id_001", "rerun": "0"}, "1": {"status": "PASS", "message": "", "test_name": "test_id_002", "rerun": "0"}, "2": {"status": "PASS", "message": "", "test_name": "test_id_003", "rerun": "0"}, "3": {"status": "PASS", "message": "", "test_name": "test_id_004", "rerun": "0"}, "4": {"status": "PASS", "message": "", "test_name": "test_id_005", "rerun": "0"}, "5": {"status": "PASS", "message": "", "test_name": "test_id_006", "rerun": "0"}, "6": {"status": "FAIL", "message": "           assert False\n", "test_name": "test_id_007", "rerun": "0"}, "7": {"status": "PASS", "message": "", "test_name": "test_id_008", "rerun": "0"}, "8": {"status": "FAIL", "message": "       assert False\n", "test_name": "test_id_009", "rerun": "0"}}, "suite_name": "testCases/test_cls_qtr.py"}, "1": {"suite_name": "testCases/test_login.py", "tests": {"0": {"status": "PASS", "message": "", "test_name": "test_id_001", "rerun": "0"}, "1": {"status": "FAIL", "message": "       assert False\n", "test_name": "test_id_002", "rerun": "0"}, "2": {"status": "PASS", "message": "", "test_name": "test_id_003", "rerun": "0"}, "3": {"status": "PASS", "message": "", "test_name": "test_id_004", "rerun": "0"}, "4": {"status": "PASS", "message": "", "test_name": "test_id_005", "rerun": "0"}, "5": {"status": "PASS", "message": "", "test_name": "test_id_006", "rerun": "0"}, "6": {"status": "PASS", "message": "", "test_name": "test_id_007", "rerun": "0"}, "7": {"status": "PASS", "message": "", "test_name": "test_id_008", "rerun": "0"}, "8": {"status": "PASS", "message": "", "test_name": "test_id_009", "rerun": "0"}, "9": {"status": "PASS", "message": "", "test_name": "test_id_010", "rerun": "0"}, "10": {"status": "PASS", "message": "", "test_name": "test_id_011", "rerun": "0"}, "11": {"status": "PASS", "message": "", "test_name": "test_id_012", "rerun": "0"}, "12": {"status": "PASS", "message": "", "test_name": "test_id_013", "rerun": "0"}, "13": {"status": "PASS", "message": "", "test_name": "test_id_014", "rerun": "0"}, "14": {"status": "PASS", "message": "", "test_name": "test_id_015", "rerun": "0"}, "15": {"status": "PASS", "message": "", "test_name": "test_id_016", "rerun": "0"}, "16": {"status": "PASS", "message": "", "test_name": "test_id_017", "rerun": "0"}, "17": {"status": "PASS", "message": "", "test_name": "test_id_018", "rerun": "0"}, "18": {"status": "PASS", "message": "", "test_name": "test_id_019", "rerun": "0"}, "19": {"status": "PASS", "message": "", "test_name": "test_id_020", "rerun": "0"}, "20": {"status": "PASS", "message": "", "test_name": "test_id_021", "rerun": "0"}, "21": {"status": "FAIL", "message": "       assert False\n", "test_name": "test_id_022", "rerun": "0"}, "22": {"status": "PASS", "message": "", "test_name": "test_id_023", "rerun": "0"}, "23": {"status": "PASS", "message": "", "test_name": "test_id_024", "rerun": "0"}, "24": {"status": "PASS", "message": "", "test_name": "test_id_025", "rerun": "0"}, "25": {"status": "PASS", "message": "", "test_name": "test_id_026", "rerun": "0"}}, "status": {"total_pass": 24, "total_skip": 0, "total_xpass": 0, "total_xfail": 0, "total_rerun": 0, "total_fail": 2, "total_error": 0}}, "2": {"suite_name": "testCases/test_role.py", "tests": {"0": {"status": "PASS", "message": "", "test_name": "test_id_001", "rerun": "0"}, "1": {"status": "PASS", "message": "", "test_name": "test_id_002", "rerun": "0"}, "2": {"status": "PASS", "message": "", "test_name": "test_id_003", "rerun": "0"}, "3": {"status": "PASS", "message": "", "test_name": "test_id_004", "rerun": "0"}, "4": {"status": "PASS", "message": "", "test_name": "test_id_005", "rerun": "0"}, "5": {"status": "PASS", "message": "", "test_name": "test_id_006", "rerun": "0"}, "6": {"status": "PASS", "message": "", "test_name": "test_id_007", "rerun": "0"}, "7": {"status": "PASS", "message": "", "test_name": "test_id_008", "rerun": "0"}, "8": {"status": "PASS", "message": "", "test_name": "test_id_009", "rerun": "0"}, "9": {"status": "PASS", "message": "", "test_name": "test_id_010", "rerun": "0"}, "10": {"status": "PASS", "message": "", "test_name": "test_id_011", "rerun": "0"}, "11": {"status": "PASS", "message": "", "test_name": "test_id_012", "rerun": "0"}, "12": {"status": "FAIL", "message": "   selenium.common.exceptions.NoSuchElementException: Message: no such element: Unable to locate element: {\"method\":\"xpath\",\"selector\":\"(//p[@class='text-center access-content'])[1]\"}\n     (Session info: chrome=115.0.5790.170); For documentation on this error, please visit: https://www.selenium.dev/documentation/webdriver/troubleshooting/errors#no-such-element-exception\n   Stacktrace:\n   Backtrace:\n   \tGetHandleVerifier [0x00D1A813+48355]\n   \t(No symbol) [0x00CAC4B1]\n   \t(No symbol) [0x00BB5358]\n   \t(No symbol) [0x00BE09A5]\n   \t(No symbol) [0x00BE0B3B]\n   \t(No symbol) [0x00C0E232]\n   \t(No symbol) [0x00BFA784]\n   \t(No symbol) [0x00C0C922]\n   \t(No symbol) [0x00BFA536]\n   \t(No symbol) [0x00BD82DC]\n   \t(No symbol) [0x00BD93DD]\n   \tGetHandleVerifier [0x00F7AABD+2539405]\n   \tGetHandleVerifier [0x00FBA78F+2800735]\n   \tGetHandleVerifier [0x00FB456C+2775612]\n   \tGetHandleVerifier [0x00DA51E0+616112]\n   \t(No symbol) [0x00CB5F8C]\n   \t(No symbol) [0x00CB2328]\n   \t(No symbol) [0x00CB240B]\n   \t(No symbol) [0x00CA4FF7]\n   \tBaseThreadInitThunk [0x75D47D59+25]\n   \tRtlInitializeExceptionChain [0x77DDB79B+107]\n   \tRtlClearBits [0x77DDB71F+191]\n", "test_name": "test_id_013", "rerun": "0"}, "13": {"status": "PASS", "message": "", "test_name": "test_id_014", "rerun": "0"}, "14": {"status": "FAIL", "message": "       assert False\n", "test_name": "test_id_015", "rerun": "0"}, "15": {"status": "FAIL", "message": "       assert False\n", "test_name": "test_id_016", "rerun": "0"}, "16": {"status": "PASS", "message": "", "test_name": "test_id_0017", "rerun": "0"}, "17": {"status": "FAIL", "message": "       assert False\n", "test_name": "test_id_0018", "rerun": "0"}, "18": {"status": "PASS", "message": "", "test_name": "test_id_019", "rerun": "0"}, "19": {"status": "FAIL", "message": "   selenium.common.exceptions.NoSuchElementException: Message: no such element: Unable to locate element: {\"method\":\"xpath\",\"selector\":\"(//p[@class='text-center access-content'])[1]\"}\n     (Session info: chrome=115.0.5790.170); For documentation on this error, please visit: https://www.selenium.dev/documentation/webdriver/troubleshooting/errors#no-such-element-exception\n   Stacktrace:\n   Backtrace:\n   \tGetHandleVerifier [0x00D1A813+48355]\n   \t(No symbol) [0x00CAC4B1]\n   \t(No symbol) [0x00BB5358]\n   \t(No symbol) [0x00BE09A5]\n   \t(No symbol) [0x00BE0B3B]\n   \t(No symbol) [0x00C0E232]\n   \t(No symbol) [0x00BFA784]\n   \t(No symbol) [0x00C0C922]\n   \t(No symbol) [0x00BFA536]\n   \t(No symbol) [0x00BD82DC]\n   \t(No symbol) [0x00BD93DD]\n   \tGetHandleVerifier [0x00F7AABD+2539405]\n   \tGetHandleVerifier [0x00FBA78F+2800735]\n   \tGetHandleVerifier [0x00FB456C+2775612]\n   \tGetHandleVerifier [0x00DA51E0+616112]\n   \t(No symbol) [0x00CB5F8C]\n   \t(No symbol) [0x00CB2328]\n   \t(No symbol) [0x00CB240B]\n   \t(No symbol) [0x00CA4FF7]\n   \tBaseThreadInitThunk [0x75D47D59+25]\n   \tRtlInitializeExceptionChain [0x77DDB79B+107]\n   \tRtlClearBits [0x77DDB71F+191]\n", "test_name": "test_id_020", "rerun": "0"}, "20": {"status": "PASS", "message": "", "test_name": "test_id_021", "rerun": "0"}, "21": {"status": "FAIL", "message": "   selenium.common.exceptions.NoSuchElementException: Message: no such element: Unable to locate element: {\"method\":\"xpath\",\"selector\":\"(//p[@class='text-center access-content'])[1]\"}\n     (Session info: chrome=115.0.5790.170); For documentation on this error, please visit: https://www.selenium.dev/documentation/webdriver/troubleshooting/errors#no-such-element-exception\n   Stacktrace:\n   Backtrace:\n   \tGetHandleVerifier [0x00D1A813+48355]\n   \t(No symbol) [0x00CAC4B1]\n   \t(No symbol) [0x00BB5358]\n   \t(No symbol) [0x00BE09A5]\n   \t(No symbol) [0x00BE0B3B]\n   \t(No symbol) [0x00C0E232]\n   \t(No symbol) [0x00BFA784]\n   \t(No symbol) [0x00C0C922]\n   \t(No symbol) [0x00BFA536]\n   \t(No symbol) [0x00BD82DC]\n   \t(No symbol) [0x00BD93DD]\n   \tGetHandleVerifier [0x00F7AABD+2539405]\n   \tGetHandleVerifier [0x00FBA78F+2800735]\n   \tGetHandleVerifier [0x00FB456C+2775612]\n   \tGetHandleVerifier [0x00DA51E0+616112]\n   \t(No symbol) [0x00CB5F8C]\n   \t(No symbol) [0x00CB2328]\n   \t(No symbol) [0x00CB240B]\n   \t(No symbol) [0x00CA4FF7]\n   \tBaseThreadInitThunk [0x75D47D59+25]\n   \tRtlInitializeExceptionChain [0x77DDB79B+107]\n   \tRtlClearBits [0x77DDB71F+191]\n", "test_name": "test_id_022", "rerun": "0"}, "22": {"status": "PASS", "message": "", "test_name": "test_id_023", "rerun": "0"}, "23": {"status": "FAIL", "message": "   selenium.common.exceptions.NoSuchElementException: Message: no such element: Unable to locate element: {\"method\":\"xpath\",\"selector\":\"//button[@id='closequarter']\"}\n     (Session info: chrome=115.0.5790.170); For documentation on this error, please visit: https://www.selenium.dev/documentation/webdriver/troubleshooting/errors#no-such-element-exception\n   Stacktrace:\n   Backtrace:\n   \tGetHandleVerifier [0x00D1A813+48355]\n   \t(No symbol) [0x00CAC4B1]\n   \t(No symbol) [0x00BB5358]\n   \t(No symbol) [0x00BE09A5]\n   \t(No symbol) [0x00BE0B3B]\n   \t(No symbol) [0x00C0E232]\n   \t(No symbol) [0x00BFA784]\n   \t(No symbol) [0x00C0C922]\n   \t(No symbol) [0x00BFA536]\n   \t(No symbol) [0x00BD82DC]\n   \t(No symbol) [0x00BD93DD]\n   \tGetHandleVerifier [0x00F7AABD+2539405]\n   \tGetHandleVerifier [0x00FBA78F+2800735]\n   \tGetHandleVerifier [0x00FB456C+2775612]\n   \tGetHandleVerifier [0x00DA51E0+616112]\n   \t(No symbol) [0x00CB5F8C]\n   \t(No symbol) [0x00CB2328]\n   \t(No symbol) [0x00CB240B]\n   \t(No symbol) [0x00CA4FF7]\n   \tBaseThreadInitThunk [0x75D47D59+25]\n   \tRtlInitializeExceptionChain [0x77DDB79B+107]\n   \tRtlClearBits [0x77DDB71F+191]\n", "test_name": "test_id_024", "rerun": "0"}, "24": {"status": "PASS", "message": "", "test_name": "test_id_025", "rerun": "0"}, "25": {"status": "FAIL", "message": "   selenium.common.exceptions.NoSuchElementException: Message: no such element: Unable to locate element: {\"method\":\"xpath\",\"selector\":\"//h2[@class='heading mb-1']\"}\n     (Session info: chrome=115.0.5790.170); For documentation on this error, please visit: https://www.selenium.dev/documentation/webdriver/troubleshooting/errors#no-such-element-exception\n   Stacktrace:\n   Backtrace:\n   \tGetHandleVerifier [0x00D1A813+48355]\n   \t(No symbol) [0x00CAC4B1]\n   \t(No symbol) [0x00BB5358]\n   \t(No symbol) [0x00BE09A5]\n   \t(No symbol) [0x00BE0B3B]\n   \t(No symbol) [0x00C0E232]\n   \t(No symbol) [0x00BFA784]\n   \t(No symbol) [0x00C0C922]\n   \t(No symbol) [0x00BFA536]\n   \t(No symbol) [0x00BD82DC]\n   \t(No symbol) [0x00BD93DD]\n   \tGetHandleVerifier [0x00F7AABD+2539405]\n   \tGetHandleVerifier [0x00FBA78F+2800735]\n   \tGetHandleVerifier [0x00FB456C+2775612]\n   \tGetHandleVerifier [0x00DA51E0+616112]\n   \t(No symbol) [0x00CB5F8C]\n   \t(No symbol) [0x00CB2328]\n   \t(No symbol) [0x00CB240B]\n   \t(No symbol) [0x00CA4FF7]\n   \tBaseThreadInitThunk [0x75D47D59+25]\n   \tRtlInitializeExceptionChain [0x77DDB79B+107]\n   \tRtlClearBits [0x77DDB71F+191]\n", "test_name": "test_id_026", "rerun": "0"}, "26": {"status": "FAIL", "message": "       assert False\n", "test_name": "test_id_027", "rerun": "0"}, "27": {"status": "FAIL", "message": "   selenium.common.exceptions.NoSuchElementException: Message: no such element: Unable to locate element: {\"method\":\"xpath\",\"selector\":\"//*[@id='nav-PendingAllocations-tab']\"}\n     (Session info: chrome=115.0.5790.170); For documentation on this error, please visit: https://www.selenium.dev/documentation/webdriver/troubleshooting/errors#no-such-element-exception\n   Stacktrace:\n   Backtrace:\n   \tGetHandleVerifier [0x00D1A813+48355]\n   \t(No symbol) [0x00CAC4B1]\n   \t(No symbol) [0x00BB5358]\n   \t(No symbol) [0x00BE09A5]\n   \t(No symbol) [0x00BE0B3B]\n   \t(No symbol) [0x00C0E232]\n   \t(No symbol) [0x00BFA784]\n   \t(No symbol) [0x00C0C922]\n   \t(No symbol) [0x00BFA536]\n   \t(No symbol) [0x00BD82DC]\n   \t(No symbol) [0x00BD93DD]\n   \tGetHandleVerifier [0x00F7AABD+2539405]\n   \tGetHandleVerifier [0x00FBA78F+2800735]\n   \tGetHandleVerifier [0x00FB456C+2775612]\n   \tGetHandleVerifier [0x00DA51E0+616112]\n   \t(No symbol) [0x00CB5F8C]\n   \t(No symbol) [0x00CB2328]\n   \t(No symbol) [0x00CB240B]\n   \t(No symbol) [0x00CA4FF7]\n   \tBaseThreadInitThunk [0x75D47D59+25]\n   \tRtlInitializeExceptionChain [0x77DDB79B+107]\n   \tRtlClearBits [0x77DDB71F+191]\n", "test_name": "test_id_028", "rerun": "0"}, "28": {"status": "FAIL", "message": "   selenium.common.exceptions.NoSuchElementException: Message: no such element: Unable to locate element: {\"method\":\"xpath\",\"selector\":\"//*[@id='nav-PendingAllocations-tab']\"}\n     (Session info: chrome=115.0.5790.170); For documentation on this error, please visit: https://www.selenium.dev/documentation/webdriver/troubleshooting/errors#no-such-element-exception\n   Stacktrace:\n   Backtrace:\n   \tGetHandleVerifier [0x00D1A813+48355]\n   \t(No symbol) [0x00CAC4B1]\n   \t(No symbol) [0x00BB5358]\n   \t(No symbol) [0x00BE09A5]\n   \t(No symbol) [0x00BE0B3B]\n   \t(No symbol) [0x00C0E232]\n   \t(No symbol) [0x00BFA784]\n   \t(No symbol) [0x00C0C922]\n   \t(No symbol) [0x00BFA536]\n   \t(No symbol) [0x00BD82DC]\n   \t(No symbol) [0x00BD93DD]\n   \tGetHandleVerifier [0x00F7AABD+2539405]\n   \tGetHandleVerifier [0x00FBA78F+2800735]\n   \tGetHandleVerifier [0x00FB456C+2775612]\n   \tGetHandleVerifier [0x00DA51E0+616112]\n   \t(No symbol) [0x00CB5F8C]\n   \t(No symbol) [0x00CB2328]\n   \t(No symbol) [0x00CB240B]\n   \t(No symbol) [0x00CA4FF7]\n   \tBaseThreadInitThunk [0x75D47D59+25]\n   \tRtlInitializeExceptionChain [0x77DDB79B+107]\n   \tRtlClearBits [0x77DDB71F+191]\n", "test_name": "test_id_029", "rerun": "0"}, "29": {"status": "FAIL", "message": "       assert False\n", "test_name": "test_id_030", "rerun": "0"}, "30": {"status": "FAIL", "message": "   selenium.common.exceptions.NoSuchElementException: Message: no such element: Unable to locate element: {\"method\":\"xpath\",\"selector\":\"//*[@id='nav-PendingAllocations-tab']\"}\n     (Session info: chrome=115.0.5790.170); For documentation on this error, please visit: https://www.selenium.dev/documentation/webdriver/troubleshooting/errors#no-such-element-exception\n   Stacktrace:\n   Backtrace:\n   \tGetHandleVerifier [0x00D1A813+48355]\n   \t(No symbol) [0x00CAC4B1]\n   \t(No symbol) [0x00BB5358]\n   \t(No symbol) [0x00BE09A5]\n   \t(No symbol) [0x00BE0B3B]\n   \t(No symbol) [0x00C0E232]\n   \t(No symbol) [0x00BFA784]\n   \t(No symbol) [0x00C0C922]\n   \t(No symbol) [0x00BFA536]\n   \t(No symbol) [0x00BD82DC]\n   \t(No symbol) [0x00BD93DD]\n   \tGetHandleVerifier [0x00F7AABD+2539405]\n   \tGetHandleVerifier [0x00FBA78F+2800735]\n   \tGetHandleVerifier [0x00FB456C+2775612]\n   \tGetHandleVerifier [0x00DA51E0+616112]\n   \t(No symbol) [0x00CB5F8C]\n   \t(No symbol) [0x00CB2328]\n   \t(No symbol) [0x00CB240B]\n   \t(No symbol) [0x00CA4FF7]\n   \tBaseThreadInitThunk [0x75D47D59+25]\n   \tRtlInitializeExceptionChain [0x77DDB79B+107]\n   \tRtlClearBits [0x77DDB71F+191]\n", "test_name": "test_id_031", "rerun": "0"}, "31": {"status": "FAIL", "message": "   selenium.common.exceptions.NoSuchElementException: Message: no such element: Unable to locate element: {\"method\":\"xpath\",\"selector\":\"//*[@id='nav-PendingAllocations-tab']\"}\n     (Session info: chrome=115.0.5790.170); For documentation on this error, please visit: https://www.selenium.dev/documentation/webdriver/troubleshooting/errors#no-such-element-exception\n   Stacktrace:\n   Backtrace:\n   \tGetHandleVerifier [0x00D1A813+48355]\n   \t(No symbol) [0x00CAC4B1]\n   \t(No symbol) [0x00BB5358]\n   \t(No symbol) [0x00BE09A5]\n   \t(No symbol) [0x00BE0B3B]\n   \t(No symbol) [0x00C0E232]\n   \t(No symbol) [0x00BFA784]\n   \t(No symbol) [0x00C0C922]\n   \t(No symbol) [0x00BFA536]\n   \t(No symbol) [0x00BD82DC]\n   \t(No symbol) [0x00BD93DD]\n   \tGetHandleVerifier [0x00F7AABD+2539405]\n   \tGetHandleVerifier [0x00FBA78F+2800735]\n   \tGetHandleVerifier [0x00FB456C+2775612]\n   \tGetHandleVerifier [0x00DA51E0+616112]\n   \t(No symbol) [0x00CB5F8C]\n   \t(No symbol) [0x00CB2328]\n   \t(No symbol) [0x00CB240B]\n   \t(No symbol) [0x00CA4FF7]\n   \tBaseThreadInitThunk [0x75D47D59+25]\n   \tRtlInitializeExceptionChain [0x77DDB79B+107]\n   \tRtlClearBits [0x77DDB71F+191]\n", "test_name": "test_id_032", "rerun": "0"}, "32": {"status": "PASS", "message": "", "test_name": "test_id_033", "rerun": "0"}, "33": {"status": "FAIL", "message": "   selenium.common.exceptions.ElementClickInterceptedException: Message: element click intercepted: Element <a class=\"nav-item nav-link\" ng-click=\"setActive('pipeline')\" ng-class=\"{active : activeMenu3 === 'pipeline'}\" id=\"nav-pipeline-tab\" aria-current=\"page\" data-toggle=\"tab\" data-target=\"#nav-pipeline\" role=\"tab\" aria-controls=\"nav-pipeline\" aria-selected=\"false\">...</a> is not clickable at point (305, 20). Other element would receive the click: <div class=\"topnav\">...</div>\n     (Session info: chrome=115.0.5790.170)\n   Stacktrace:\n   Backtrace:\n   \tGetHandleVerifier [0x00D1A813+48355]\n   \t(No symbol) [0x00CAC4B1]\n   \t(No symbol) [0x00BB5358]\n   \t(No symbol) [0x00BE5062]\n   \t(No symbol) [0x00BE3B98]\n   \t(No symbol) [0x00BE239B]\n   \t(No symbol) [0x00BE179E]\n   \t(No symbol) [0x00BD9F5C]\n   \t(No symbol) [0x00BFA73C]\n   \t(No symbol) [0x00BD9A36]\n   \t(No symbol) [0x00BFAA94]\n   \t(No symbol) [0x00C0C922]\n   \t(No symbol) [0x00BFA536]\n   \t(No symbol) [0x00BD82DC]\n   \t(No symbol) [0x00BD93DD]\n   \tGetHandleVerifier [0x00F7AABD+2539405]\n   \tGetHandleVerifier [0x00FBA78F+2800735]\n   \tGetHandleVerifier [0x00FB456C+2775612]\n   \tGetHandleVerifier [0x00DA51E0+616112]\n   \t(No symbol) [0x00CB5F8C]\n   \t(No symbol) [0x00CB2328]\n   \t(No symbol) [0x00CB240B]\n   \t(No symbol) [0x00CA4FF7]\n   \tBaseThreadInitThunk [0x75D47D59+25]\n   \tRtlInitializeExceptionChain [0x77DDB79B+107]\n   \tRtlClearBits [0x77DDB71F+191]\n", "test_name": "test_id_034", "rerun": "0"}, "34": {"status": "FAIL", "message": "       assert False\n", "test_name": "test_id_035", "rerun": "0"}, "35": {"status": "FAIL", "message": "           assert False\n", "test_name": "test_id_036", "rerun": "0"}}, "status": {"total_pass": 19, "total_skip": 0, "total_xpass": 0, "total_xfail": 0, "total_rerun": 0, "total_fail": 17, "total_error": 0}}, "3": {"suite_name": "testCases/test_samlog.py", "tests": {"0": {"status": "FAIL", "message": "   AssertionError: Assertion failed: 5 is not equal to 10\n   assert 5 == 10\n", "test_name": "test_exam", "rerun": "0"}}, "status": {"total_pass": 0, "total_skip": 0, "total_xpass": 0, "total_xfail": 0, "total_rerun": 0, "total_fail": 1, "total_error": 0}}}}, "date": "August 07, 2023", "start_time": 1691406917.0042493, "total_suite": 4, "status": "FAIL", "status_list": {"pass": "50", "fail": "22", "skip": "0", "error": "0", "xpass": "0", "xfail": "0", "rerun": "0"}, "total_tests": "72"}